<?xml version="1.0" encoding="UTF-8"?>
<Site BuildName="Linux-g++"
	BuildStamp="20221202-1713-Experimental"
	Name="petafect-desktop"
	Generator="ctest-3.22.1"
	CompilerName="/usr/bin/g++"
	CompilerVersion="11.3.0"
	OSName="Linux"
	Hostname="petafect-desktop"
	OSRelease="5.15.0-53-generic"
	OSVersion="#59-Ubuntu SMP Mon Oct 17 18:53:30 UTC 2022"
	OSPlatform="x86_64"
	Is64Bits="1"
	VendorString="AuthenticAMD"
	VendorID="Advanced Micro Devices"
	FamilyID="25"
	ModelID="33"
	ProcessorCacheSize="512"
	NumberOfLogicalCPU="24"
	NumberOfPhysicalCPU="12"
	TotalVirtualMemory="2047"
	TotalPhysicalMemory="32022"
	LogicalProcessorsPerPhysical="2"
	ProcessorClockFrequency="3700"
	>
	<Testing>
		<StartDateTime>Dec 02 12:13 EST</StartDateTime>
		<StartTestTime>1670001215</StartTestTime>
		<TestList/>
		<EndDateTime>Dec 02 12:13 EST</EndDateTime>
		<EndTestTime>1670001215</EndTestTime>
		<ElapsedMinutes>0</ElapsedMinutes>
	</Testing>
</Site>
